<?xml version="1.0" encoding="UTF-8"?>
<testsuite name="com.docker.demo.DemoApplicationTests" tests="1" skipped="0" failures="0" errors="0" timestamp="2025-03-18T13:49:54.306Z" hostname="DESKTOP-P9QKFGT" time="0.538">
  <properties/>
  <testcase name="contextLoads()" classname="com.docker.demo.DemoApplicationTests" time="0.538"/>
  <system-out><![CDATA[08:49:52.932 [Test worker] INFO org.springframework.test.context.support.AnnotationConfigContextLoaderUtils -- Could not detect default configuration classes for test class [com.docker.demo.DemoApplicationTests]: DemoApplicationTests does not declare any static, non-private, non-final, nested classes annotated with @Configuration.
08:49:53.015 [Test worker] INFO org.springframework.boot.test.context.SpringBootTestContextBootstrapper -- Found @SpringBootConfiguration com.docker.demo.DemoApplication for test class com.docker.demo.DemoApplicationTests

  .   ____          _            __ _ _
 /\\ / ___'_ __ _ _(_)_ __  __ _ \ \ \ \
( ( )\___ | '_ | '_| | '_ \/ _` | \ \ \ \
 \\/  ___)| |_)| | | | | || (_| |  ) ) ) )
  '  |____| .__|_| |_|_| |_\__, | / / / /
 =========|_|==============|___/=/_/_/_/

 :: Spring Boot ::                (v3.4.3)

2025-03-18T08:49:53.375-05:00  INFO 27452 --- [demo] [    Test worker] com.docker.demo.DemoApplicationTests     : Starting DemoApplicationTests using Java 17.0.11 with PID 27452 (started by Juan José in C:\Users\Juan José\Documents\Projectos ing\aprendizaje\docker\demo)
2025-03-18T08:49:53.376-05:00  INFO 27452 --- [demo] [    Test worker] com.docker.demo.DemoApplicationTests     : No active profile set, falling back to 1 default profile: "default"
2025-03-18T08:49:54.292-05:00  INFO 27452 --- [demo] [    Test worker] com.docker.demo.DemoApplicationTests     : Started DemoApplicationTests in 1.15 seconds (process running for 2.062)
]]></system-out>
  <system-err><![CDATA[]]></system-err>
</testsuite>
